<?xml version="1.0" encoding="UTF-8"?>
<testng-results ignored="0" total="1" passed="1" failed="0" skipped="0">
  <reporter-output>
  </reporter-output>
  <suite started-at="2020-01-13T15:58:54 IST" name="Default suite" finished-at="2020-01-13T15:59:19 IST" duration-ms="24947">
    <groups>
    </groups>
    <test started-at="2020-01-13T15:58:54 IST" name="Default test" finished-at="2020-01-13T15:59:19 IST" duration-ms="24947">
      <class name="com.ExecutionTestNG.SuiteExecutionSetup">
        <test-method is-config="true" signature="InitializeAutomation()[pri:0, instance:com.ExecutionTestNG.SuiteExecutionSetup@757acd7b]" started-at="2020-01-13T15:58:54 IST" name="InitializeAutomation" finished-at="2020-01-13T15:58:55 IST" duration-ms="1057" status="PASS">
          <reporter-output>
          </reporter-output>
        </test-method> <!-- InitializeAutomation -->
        <test-method signature="LoginSuite()[pri:0, instance:com.ExecutionTestNG.SuiteExecutionSetup@757acd7b]" started-at="2020-01-13T15:58:55 IST" name="LoginSuite" finished-at="2020-01-13T15:59:19 IST" duration-ms="23717" status="PASS">
          <reporter-output>
          </reporter-output>
        </test-method> <!-- LoginSuite -->
        <test-method is-config="true" signature="createReport()[pri:0, instance:com.ExecutionTestNG.SuiteExecutionSetup@757acd7b]" started-at="2020-01-13T15:59:19 IST" name="createReport" finished-at="2020-01-13T15:59:19 IST" duration-ms="92" status="PASS">
          <reporter-output>
          </reporter-output>
        </test-method> <!-- createReport -->
      </class> <!-- com.ExecutionTestNG.SuiteExecutionSetup -->
    </test> <!-- Default test -->
  </suite> <!-- Default suite -->
</testng-results>
